<?xml version="1.0" encoding="UTF-8"?>
<!-- Generated by org.testng.reporters.JUnitXMLReporter -->
<testsuite hostname="QDV04DARRO001" name="Surefire test" tests="8" failures="0" timestamp="27 Nov 2015 22:37:34 GMT" time="992.514" errors="0">
  <testcase name="feature" time="3.754" classname="runner.RunCukesTest"/>
  <testcase name="feature" time="60.572" classname="runner.RunCukesTest"/>
  <testcase name="feature" time="8.894" classname="runner.RunCukesTest"/>
  <testcase name="feature" time="37.948" classname="runner.RunCukesTest"/>
  <testcase name="feature" time="44.014" classname="runner.RunCukesTest"/>
  <testcase name="feature" time="397.893" classname="runner.RunCukesTest"/>
  <testcase name="feature" time="209.709" classname="runner.RunCukesTest"/>
  <testcase name="feature" time="101.327" classname="runner.RunCukesTest"/>
</testsuite> <!-- Surefire test -->
