<?xml version="1.0" encoding="UTF-8"?>
<!-- Generated by org.testng.reporters.JUnitXMLReporter -->
<testsuite hostname="QDV04DARRO001" name="Surefire test" tests="6" failures="0" timestamp="27 Nov 2015 13:54:49 GMT" time="824.688" errors="0">
  <testcase name="feature" time="54.733" classname="runner.RunCukesTest"/>
  <testcase name="feature" time="8.371" classname="runner.RunCukesTest"/>
  <testcase name="feature" time="33.922" classname="runner.RunCukesTest"/>
  <testcase name="feature" time="39.019" classname="runner.RunCukesTest"/>
  <testcase name="feature" time="372.007" classname="runner.RunCukesTest"/>
  <testcase name="feature" time="208.166" classname="runner.RunCukesTest"/>
</testsuite> <!-- Surefire test -->
