<?xml version="1.0" encoding="UTF-8"?>
<testng-results skipped="0" failed="0" total="1" passed="1">
  <reporter-output>
  </reporter-output>
  <suite name="Surefire suite" duration-ms="309907" started-at="2015-11-25T18:06:04Z" finished-at="2015-11-25T18:11:14Z">
    <groups>
      <group name="cucumber">
        <method signature="AbstractTestNGCucumberTests.feature(cucumber.api.testng.CucumberFeatureWrapper)[pri:0, instance:runner.RunCukesTest@2a2d45ba]" name="feature" class="cucumber.api.testng.AbstractTestNGCucumberTests"/>
      </group> <!-- cucumber -->
    </groups>
    <test name="Surefire test" duration-ms="309907" started-at="2015-11-25T18:06:04Z" finished-at="2015-11-25T18:11:14Z">
      <class name="runner.RunCukesTest">
        <test-method status="PASS" signature="beforeExecution()[pri:0, instance:runner.RunCukesTest@2a2d45ba]" name="beforeExecution" is-config="true" duration-ms="11311" started-at="2015-11-25T14:06:04Z" finished-at="2015-11-25T14:06:15Z">
          <reporter-output>
          </reporter-output>
        </test-method> <!-- beforeExecution -->
        <test-method status="PASS" signature="setUpClass()[pri:0, instance:runner.RunCukesTest@2a2d45ba]" name="setUpClass" is-config="true" duration-ms="441" started-at="2015-11-25T14:06:15Z" finished-at="2015-11-25T14:06:16Z">
          <reporter-output>
          </reporter-output>
        </test-method> <!-- setUpClass -->
        <test-method status="PASS" signature="beforeFeatureExecution()[pri:0, instance:runner.RunCukesTest@2a2d45ba]" name="beforeFeatureExecution" is-config="true" duration-ms="14393" started-at="2015-11-25T14:06:16Z" finished-at="2015-11-25T14:06:30Z">
          <reporter-output>
          </reporter-output>
        </test-method> <!-- beforeFeatureExecution -->
        <test-method status="PASS" signature="feature(cucumber.api.testng.CucumberFeatureWrapper)[pri:0, instance:runner.RunCukesTest@2a2d45ba]" name="feature" duration-ms="281180" started-at="2015-11-25T14:06:30Z" description="Runs Cucumber Feature" data-provider="features" finished-at="2015-11-25T14:11:12Z">
          <params>
            <param index="0">
              <value>
                <![CDATA[Stories]]>
              </value>
            </param>
          </params>
          <reporter-output>
          </reporter-output>
        </test-method> <!-- feature -->
        <test-method status="PASS" signature="afterFeatureExecution()[pri:0, instance:runner.RunCukesTest@2a2d45ba]" name="afterFeatureExecution" is-config="true" duration-ms="1216" started-at="2015-11-25T14:11:12Z" finished-at="2015-11-25T14:11:13Z">
          <reporter-output>
          </reporter-output>
        </test-method> <!-- afterFeatureExecution -->
        <test-method status="PASS" signature="tearDownClass()[pri:0, instance:runner.RunCukesTest@2a2d45ba]" name="tearDownClass" is-config="true" duration-ms="64" started-at="2015-11-25T14:11:13Z" finished-at="2015-11-25T14:11:13Z">
          <reporter-output>
          </reporter-output>
        </test-method> <!-- tearDownClass -->
        <test-method status="PASS" signature="afterExecution()[pri:0, instance:runner.RunCukesTest@2a2d45ba]" name="afterExecution" is-config="true" duration-ms="1129" started-at="2015-11-25T14:11:13Z" finished-at="2015-11-25T14:11:14Z">
          <reporter-output>
          </reporter-output>
        </test-method> <!-- afterExecution -->
      </class> <!-- runner.RunCukesTest -->
    </test> <!-- Surefire test -->
  </suite> <!-- Surefire suite -->
</testng-results>
