<?xml version="1.0" encoding="UTF-8"?>
<testng-results skipped="0" failed="0" total="1" passed="1">
  <reporter-output>
  </reporter-output>
  <suite name="Surefire suite" duration-ms="253234" started-at="2015-11-26T15:17:16Z" finished-at="2015-11-26T15:21:29Z">
    <groups>
      <group name="cucumber">
        <method signature="AbstractTestNGCucumberTests.feature(cucumber.api.testng.CucumberFeatureWrapper)[pri:0, instance:runner.RunCukesTest@2a2d45ba]" name="feature" class="cucumber.api.testng.AbstractTestNGCucumberTests"/>
      </group> <!-- cucumber -->
    </groups>
    <test name="Surefire test" duration-ms="253234" started-at="2015-11-26T15:17:16Z" finished-at="2015-11-26T15:21:29Z">
      <class name="runner.RunCukesTest">
        <test-method status="PASS" signature="beforeExecution()[pri:0, instance:runner.RunCukesTest@2a2d45ba]" name="beforeExecution" is-config="true" duration-ms="12354" started-at="2015-11-26T11:17:16Z" finished-at="2015-11-26T11:17:28Z">
          <reporter-output>
          </reporter-output>
        </test-method> <!-- beforeExecution -->
        <test-method status="PASS" signature="setUpClass()[pri:0, instance:runner.RunCukesTest@2a2d45ba]" name="setUpClass" is-config="true" duration-ms="613" started-at="2015-11-26T11:17:28Z" finished-at="2015-11-26T11:17:29Z">
          <reporter-output>
          </reporter-output>
        </test-method> <!-- setUpClass -->
        <test-method status="PASS" signature="beforeFeatureExecution()[pri:0, instance:runner.RunCukesTest@2a2d45ba]" name="beforeFeatureExecution" is-config="true" duration-ms="15828" started-at="2015-11-26T11:17:29Z" finished-at="2015-11-26T11:17:45Z">
          <reporter-output>
          </reporter-output>
        </test-method> <!-- beforeFeatureExecution -->
        <test-method status="PASS" signature="feature(cucumber.api.testng.CucumberFeatureWrapper)[pri:0, instance:runner.RunCukesTest@2a2d45ba]" name="feature" duration-ms="218542" started-at="2015-11-26T11:17:45Z" description="Runs Cucumber Feature" data-provider="features" finished-at="2015-11-26T11:21:24Z">
          <params>
            <param index="0">
              <value>
                <![CDATA[Tasks]]>
              </value>
            </param>
          </params>
          <reporter-output>
          </reporter-output>
        </test-method> <!-- feature -->
        <test-method status="PASS" signature="afterFeatureExecution()[pri:0, instance:runner.RunCukesTest@2a2d45ba]" name="afterFeatureExecution" is-config="true" duration-ms="1477" started-at="2015-11-26T11:21:24Z" finished-at="2015-11-26T11:21:25Z">
          <reporter-output>
          </reporter-output>
        </test-method> <!-- afterFeatureExecution -->
        <test-method status="PASS" signature="tearDownClass()[pri:0, instance:runner.RunCukesTest@2a2d45ba]" name="tearDownClass" is-config="true" duration-ms="225" started-at="2015-11-26T11:21:25Z" finished-at="2015-11-26T11:21:25Z">
          <reporter-output>
          </reporter-output>
        </test-method> <!-- tearDownClass -->
        <test-method status="PASS" signature="afterExecution()[pri:0, instance:runner.RunCukesTest@2a2d45ba]" name="afterExecution" is-config="true" duration-ms="3918" started-at="2015-11-26T11:21:25Z" finished-at="2015-11-26T11:21:29Z">
          <reporter-output>
          </reporter-output>
        </test-method> <!-- afterExecution -->
      </class> <!-- runner.RunCukesTest -->
    </test> <!-- Surefire test -->
  </suite> <!-- Surefire suite -->
</testng-results>
